[debug] [2022-03-19T18:36:04.227Z] ----------------------------------------------------------------------
[debug] [2022-03-19T18:36:04.229Z] Command:       C:\Program Files\nodejs\node.exe C:\Users\tarun singh\AppData\Roaming\npm\node_modules\firebase-tools\lib\bin\firebase.js init
[debug] [2022-03-19T18:36:04.229Z] CLI Version:   10.4.0
[debug] [2022-03-19T18:36:04.229Z] Platform:      win32
[debug] [2022-03-19T18:36:04.229Z] Node Version:  v16.13.1
[debug] [2022-03-19T18:36:04.230Z] Time:          Sun Mar 20 2022 00:06:04 GMT+0530 (India Standard Time)
[debug] [2022-03-19T18:36:04.230Z] ----------------------------------------------------------------------
[debug] 
[debug] [2022-03-19T18:36:04.240Z] > command requires scopes: ["email","openid","https://www.googleapis.com/auth/cloudplatformprojects.readonly","https://www.googleapis.com/auth/firebase","https://www.googleapis.com/auth/cloud-platform"]
[debug] [2022-03-19T18:36:04.240Z] > authorizing via signed-in user (sin.nainal17@gmail.com)
[info] 
     ######## #### ########  ######## ########     ###     ######  ########
     ##        ##  ##     ## ##       ##     ##  ##   ##  ##       ##
     ######    ##  ########  ######   ########  #########  ######  ######
     ##        ##  ##    ##  ##       ##     ## ##     ##       ## ##
     ##       #### ##     ## ######## ########  ##     ##  ######  ########

You're about to initialize a Firebase project in this directory:

  C:\Users\tarun singh\Desktop\Companies Project\adpushUp\food-app

[info] 
=== Project Setup
[info] 
[info] First, let's associate this project directory with a Firebase project.
[info] You can create multiple project aliases by running firebase use --add, 
[info] but for now we'll just set up a default project.
[info] 
[debug] [2022-03-19T18:36:40.044Z] >>> [apiv2][query] GET https://firebase.googleapis.com/v1beta1/projects pageSize=100
[debug] [2022-03-19T18:36:41.257Z] <<< [apiv2][status] GET https://firebase.googleapis.com/v1beta1/projects 200
[debug] [2022-03-19T18:36:41.258Z] <<< [apiv2][body] GET https://firebase.googleapis.com/v1beta1/projects [omitted]
[info] i  Using project food-app-8594b (food-app) 
[info] 
=== Hosting Setup
[info] 
[info] Your public directory is the folder (relative to your project directory) that
[info] will contain Hosting assets to be uploaded with firebase deploy. If you
[info] have a build process for your assets, use your build's output directory.
[info] 
[debug] [2022-03-19T18:37:39.940Z] >>> [apiv2][query] GET https://www.gstatic.com/firebasejs/releases.json [none]
[debug] [2022-03-19T18:37:40.211Z] <<< [apiv2][status] GET https://www.gstatic.com/firebasejs/releases.json 200
[debug] [2022-03-19T18:37:40.211Z] <<< [apiv2][body] GET https://www.gstatic.com/firebasejs/releases.json {"current":{"version":"9.6.9","browserURL":"https://www.gstatic.com/firebasejs/9.6.9/firebase.js","packageURL":"https://www.gstatic.com/firebasejs/9.6.9/firebase.tgz"},"live":{"version":"9.6","browserURL":"https://www.gstatic.com/firebasejs/live/9.6/firebase.js","packageURL":"https://www.gstatic.com/firebasejs/live/9.6/firebase.tgz"},"components":{"analytics":"https://www.gstatic.com/firebasejs/9.6.9/firebase-analytics.js","app":"https://www.gstatic.com/firebasejs/9.6.9/firebase-app.js","app-check":"https://www.gstatic.com/firebasejs/9.6.9/firebase-app-check.js","auth":"https://www.gstatic.com/firebasejs/9.6.9/firebase-auth.js","auth/cordova":"https://www.gstatic.com/firebasejs/9.6.9/firebase-auth/cordova.js","auth/react-native":"https://www.gstatic.com/firebasejs/9.6.9/firebase-auth/react-native.js","functions":"https://www.gstatic.com/firebasejs/9.6.9/firebase-functions.js","firestore":"https://www.gstatic.com/firebasejs/9.6.9/firebase-firestore.js","firestore/lite":"https://www.gstatic.com/firebasejs/9.6.9/firebase-firestore/lite.js","storage":"https://www.gstatic.com/firebasejs/9.6.9/firebase-storage.js","performance":"https://www.gstatic.com/firebasejs/9.6.9/firebase-performance.js","remote-config":"https://www.gstatic.com/firebasejs/9.6.9/firebase-remote-config.js","messaging":"https://www.gstatic.com/firebasejs/9.6.9/firebase-messaging.js","messaging/sw":"https://www.gstatic.com/firebasejs/9.6.9/firebase-messaging/sw.js","database":"https://www.gstatic.com/firebasejs/9.6.9/firebase-database.js","firestore.memory":"https://www.gstatic.com/firebasejs/9.6.9/firebase-firestore.memory.js"}}
[info] +  Wrote y/index.html 
[info] 
[info] i  Detected a .git folder at C:\Users\tarun singh\Desktop\Companies Project\adpushUp\food-app 
[info] i  Authorizing with GitHub to upload your service account to a GitHub repository's secrets store. 
[info] 
[info] Visit this URL on this device to log in:
[info] https://github.com/login/oauth/authorize?client_id=89cf50f02ac6aaed3484&state=1060045651&redirect_uri=http%3A%2F%2Flocalhost%3A9005&scope=read%3Auser%20repo%20public_repo
[info] 
[info] Waiting for authentication...
[debug] [2022-03-19T18:37:44.729Z] >>> HTTP REQUEST POST https://github.com/login/oauth/access_token  
 {"client_id":"89cf50f02ac6aaed3484","client_secret":"3330d14abc895d9a74d5f17cd7a00711fa2c5bf0","code":"d054609ffb4ad4cd396f","redirect_uri":"http://localhost:9005","state":"1060045651"}
[debug] [2022-03-19T18:37:45.275Z] <<< HTTP RESPONSE 200 {"server":"GitHub.com","date":"Sat, 19 Mar 2022 18:37:44 GMT","content-type":"application/json; charset=utf-8","transfer-encoding":"chunked","vary":"X-PJAX, X-PJAX-Container, Accept-Encoding, Accept, X-Requested-With","permissions-policy":"interest-cohort=()","etag":"W/\"2ff04115e1a0302895c5bf75031f86c6\"","cache-control":"max-age=0, private, must-revalidate","strict-transport-security":"max-age=31536000; includeSubdomains; preload","x-frame-options":"deny","x-content-type-options":"nosniff","x-xss-protection":"0","referrer-policy":"origin-when-cross-origin, strict-origin-when-cross-origin","expect-ct":"max-age=2592000, report-uri=\"https://api.github.com/_private/browser/errors\"","content-security-policy":"default-src 'none'; base-uri 'self'; block-all-mixed-content; child-src github.com/assets-cdn/worker/ gist.github.com/assets-cdn/worker/; connect-src 'self' uploads.github.com objects-origin.githubusercontent.com www.githubstatus.com collector.githubapp.com collector.github.com api.github.com github-cloud.s3.amazonaws.com github-production-repository-file-5c1aeb.s3.amazonaws.com github-production-upload-manifest-file-7fdce7.s3.amazonaws.com github-production-user-asset-6210df.s3.amazonaws.com cdn.optimizely.com logx.optimizely.com/v1/events translator.github.com wss://alive.github.com; font-src github.githubassets.com; form-action 'self' github.com gist.github.com objects-origin.githubusercontent.com; frame-ancestors 'none'; frame-src render.githubusercontent.com viewscreen.githubusercontent.com notebooks.githubusercontent.com; img-src 'self' data: github.githubassets.com identicons.github.com collector.githubapp.com collector.github.com github-cloud.s3.amazonaws.com secured-user-images.githubusercontent.com/ *.githubusercontent.com; manifest-src 'self'; media-src github.com user-images.githubusercontent.com/; script-src github.githubassets.com; style-src 'unsafe-inline' github.githubassets.com; worker-src github.com/assets-cdn/worker/ gist.github.com/assets-cdn/worker/","x-github-request-id":"0D71:403D:E04ABA:101A553:623622F8"}
[debug] [2022-03-19T18:37:45.292Z] >>> [apiv2][query] GET https://api.github.com/user [none]
[debug] [2022-03-19T18:37:45.825Z] <<< [apiv2][status] GET https://api.github.com/user 200
[debug] [2022-03-19T18:37:45.826Z] <<< [apiv2][body] GET https://api.github.com/user {"login":"tarun927","id":82480762,"node_id":"MDQ6VXNlcjgyNDgwNzYy","avatar_url":"https://avatars.githubusercontent.com/u/82480762?v=4","gravatar_id":"","url":"https://api.github.com/users/tarun927","html_url":"https://github.com/tarun927","followers_url":"https://api.github.com/users/tarun927/followers","following_url":"https://api.github.com/users/tarun927/following{/other_user}","gists_url":"https://api.github.com/users/tarun927/gists{/gist_id}","starred_url":"https://api.github.com/users/tarun927/starred{/owner}{/repo}","subscriptions_url":"https://api.github.com/users/tarun927/subscriptions","organizations_url":"https://api.github.com/users/tarun927/orgs","repos_url":"https://api.github.com/users/tarun927/repos","events_url":"https://api.github.com/users/tarun927/events{/privacy}","received_events_url":"https://api.github.com/users/tarun927/received_events","type":"User","site_admin":false,"name":null,"company":null,"blog":"","location":null,"email":null,"hireable":null,"bio":null,"twitter_username":null,"public_repos":9,"public_gists":0,"followers":0,"following":0,"created_at":"2021-04-13T23:47:29Z","updated_at":"2021-12-13T10:21:50Z","private_gists":0,"total_private_repos":0,"owned_private_repos":0,"disk_usage":4593,"collaborators":0,"two_factor_authentication":false,"plan":{"name":"free","space":976562499,"collaborators":0,"private_repos":10000}}
[info] 
[info] +  Success! Logged into GitHub as tarun927 
[info] 
[debug] [2022-03-19T18:37:52.912Z] >>> [apiv2][query] GET https://api.github.com/repos/user/actions/secrets/public-key type=owner
[debug] [2022-03-19T18:37:53.363Z] <<< [apiv2][status] GET https://api.github.com/repos/user/actions/secrets/public-key 404
[debug] [2022-03-19T18:37:53.364Z] <<< [apiv2][body] GET https://api.github.com/repos/user/actions/secrets/public-key {"message":"Not Found","documentation_url":"https://docs.github.com/rest"}
[debug] [2022-03-19T18:38:02.316Z] >>> [apiv2][query] GET https://api.github.com/repos/repository/actions/secrets/public-key type=owner
[debug] [2022-03-19T18:38:02.847Z] <<< [apiv2][status] GET https://api.github.com/repos/repository/actions/secrets/public-key 404
[debug] [2022-03-19T18:38:02.847Z] <<< [apiv2][body] GET https://api.github.com/repos/repository/actions/secrets/public-key {"message":"Not Found","documentation_url":"https://docs.github.com/rest"}
[debug] [2022-03-19T18:38:03.881Z] >>> [apiv2][query] GET https://api.github.com/repos/repository/actions/secrets/public-key type=owner
[debug] [2022-03-19T18:38:04.166Z] >>> [apiv2][query] GET https://api.github.com/repos//actions/secrets/public-key type=owner
[debug] [2022-03-19T18:38:04.340Z] <<< [apiv2][status] GET https://api.github.com/repos/repository/actions/secrets/public-key 404
[debug] [2022-03-19T18:38:04.340Z] <<< [apiv2][body] GET https://api.github.com/repos/repository/actions/secrets/public-key {"message":"Not Found","documentation_url":"https://docs.github.com/rest"}
[debug] [2022-03-19T18:38:04.357Z] >>> [apiv2][query] GET https://api.github.com/repos/repository/actions/secrets/public-key type=owner
[debug] [2022-03-19T18:38:04.569Z] >>> [apiv2][query] GET https://api.github.com/repos//actions/secrets/public-key type=owner
[debug] [2022-03-19T18:38:04.611Z] <<< [apiv2][status] GET https://api.github.com/repos//actions/secrets/public-key 404
[debug] [2022-03-19T18:38:04.611Z] <<< [apiv2][body] GET https://api.github.com/repos//actions/secrets/public-key {"message":"Not Found","documentation_url":"https://docs.github.com/rest"}
[debug] [2022-03-19T18:38:04.766Z] >>> [apiv2][query] GET https://api.github.com/repos//actions/secrets/public-key type=owner
[debug] [2022-03-19T18:38:04.817Z] <<< [apiv2][status] GET https://api.github.com/repos/repository/actions/secrets/public-key 404
[debug] [2022-03-19T18:38:04.818Z] <<< [apiv2][body] GET https://api.github.com/repos/repository/actions/secrets/public-key {"message":"Not Found","documentation_url":"https://docs.github.com/rest"}
[debug] [2022-03-19T18:38:04.957Z] >>> [apiv2][query] GET https://api.github.com/repos/repository/actions/secrets/public-key type=owner
[debug] [2022-03-19T18:38:05.010Z] <<< [apiv2][status] GET https://api.github.com/repos//actions/secrets/public-key 404
[debug] [2022-03-19T18:38:05.011Z] <<< [apiv2][body] GET https://api.github.com/repos//actions/secrets/public-key {"message":"Not Found","documentation_url":"https://docs.github.com/rest"}
[debug] [2022-03-19T18:38:05.221Z] <<< [apiv2][status] GET https://api.github.com/repos//actions/secrets/public-key 404
[debug] [2022-03-19T18:38:05.221Z] <<< [apiv2][body] GET https://api.github.com/repos//actions/secrets/public-key {"message":"Not Found","documentation_url":"https://docs.github.com/rest"}
[debug] [2022-03-19T18:38:05.276Z] >>> [apiv2][query] GET https://api.github.com/repos//actions/secrets/public-key type=owner
[debug] [2022-03-19T18:38:05.403Z] <<< [apiv2][status] GET https://api.github.com/repos/repository/actions/secrets/public-key 404
[debug] [2022-03-19T18:38:05.403Z] <<< [apiv2][body] GET https://api.github.com/repos/repository/actions/secrets/public-key {"message":"Not Found","documentation_url":"https://docs.github.com/rest"}
[debug] [2022-03-19T18:38:05.716Z] <<< [apiv2][status] GET https://api.github.com/repos//actions/secrets/public-key 404
[debug] [2022-03-19T18:38:05.717Z] <<< [apiv2][body] GET https://api.github.com/repos//actions/secrets/public-key {"message":"Not Found","documentation_url":"https://docs.github.com/rest"}
[debug] [2022-03-19T18:38:05.802Z] >>> [apiv2][query] GET https://api.github.com/repos/repository/actions/secrets/public-key type=owner
[debug] [2022-03-19T18:38:06.100Z] >>> [apiv2][query] GET https://api.github.com/repos//actions/secrets/public-key type=owner
[debug] [2022-03-19T18:38:06.252Z] <<< [apiv2][status] GET https://api.github.com/repos/repository/actions/secrets/public-key 404
[debug] [2022-03-19T18:38:06.252Z] <<< [apiv2][body] GET https://api.github.com/repos/repository/actions/secrets/public-key {"message":"Not Found","documentation_url":"https://docs.github.com/rest"}
[debug] [2022-03-19T18:38:06.399Z] >>> [apiv2][query] GET https://api.github.com/repos/repository/actions/secrets/public-key type=owner
[debug] [2022-03-19T18:38:06.595Z] <<< [apiv2][status] GET https://api.github.com/repos//actions/secrets/public-key 404
[debug] [2022-03-19T18:38:06.595Z] <<< [apiv2][body] GET https://api.github.com/repos//actions/secrets/public-key {"message":"Not Found","documentation_url":"https://docs.github.com/rest"}
[debug] [2022-03-19T18:38:06.708Z] >>> [apiv2][query] GET https://api.github.com/repos//actions/secrets/public-key type=owner
[debug] [2022-03-19T18:38:06.845Z] <<< [apiv2][status] GET https://api.github.com/repos/repository/actions/secrets/public-key 404
[debug] [2022-03-19T18:38:06.845Z] <<< [apiv2][body] GET https://api.github.com/repos/repository/actions/secrets/public-key {"message":"Not Found","documentation_url":"https://docs.github.com/rest"}
[debug] [2022-03-19T18:38:07.002Z] >>> [apiv2][query] GET https://api.github.com/repos/repository/actions/secrets/public-key type=owner
[debug] [2022-03-19T18:38:07.143Z] <<< [apiv2][status] GET https://api.github.com/repos//actions/secrets/public-key 404
[debug] [2022-03-19T18:38:07.144Z] <<< [apiv2][body] GET https://api.github.com/repos//actions/secrets/public-key {"message":"Not Found","documentation_url":"https://docs.github.com/rest"}
[debug] [2022-03-19T18:38:07.269Z] >>> [apiv2][query] GET https://api.github.com/repos//actions/secrets/public-key type=owner
[debug] [2022-03-19T18:38:07.439Z] <<< [apiv2][status] GET https://api.github.com/repos/repository/actions/secrets/public-key 404
[debug] [2022-03-19T18:38:07.440Z] <<< [apiv2][body] GET https://api.github.com/repos/repository/actions/secrets/public-key {"message":"Not Found","documentation_url":"https://docs.github.com/rest"}
[debug] [2022-03-19T18:38:07.534Z] >>> [apiv2][query] GET https://api.github.com/repos/repository/actions/secrets/public-key type=owner
[debug] [2022-03-19T18:38:07.722Z] <<< [apiv2][status] GET https://api.github.com/repos//actions/secrets/public-key 404
[debug] [2022-03-19T18:38:07.722Z] <<< [apiv2][body] GET https://api.github.com/repos//actions/secrets/public-key {"message":"Not Found","documentation_url":"https://docs.github.com/rest"}
[debug] [2022-03-19T18:38:07.752Z] >>> [apiv2][query] GET https://api.github.com/repos//actions/secrets/public-key type=owner
[debug] [2022-03-19T18:38:07.946Z] >>> [apiv2][query] GET https://api.github.com/repos//actions/secrets/public-key type=owner
[debug] [2022-03-19T18:38:07.977Z] <<< [apiv2][status] GET https://api.github.com/repos/repository/actions/secrets/public-key 404
[debug] [2022-03-19T18:38:07.977Z] <<< [apiv2][body] GET https://api.github.com/repos/repository/actions/secrets/public-key {"message":"Not Found","documentation_url":"https://docs.github.com/rest"}
[debug] [2022-03-19T18:38:08.193Z] <<< [apiv2][status] GET https://api.github.com/repos//actions/secrets/public-key 404
[debug] [2022-03-19T18:38:08.194Z] <<< [apiv2][body] GET https://api.github.com/repos//actions/secrets/public-key {"message":"Not Found","documentation_url":"https://docs.github.com/rest"}
[debug] [2022-03-19T18:38:08.382Z] <<< [apiv2][status] GET https://api.github.com/repos//actions/secrets/public-key 404
[debug] [2022-03-19T18:38:08.382Z] <<< [apiv2][body] GET https://api.github.com/repos//actions/secrets/public-key {"message":"Not Found","documentation_url":"https://docs.github.com/rest"}
[debug] [2022-03-19T18:38:55.370Z] >>> [apiv2][query] GET https://api.github.com/repos/firebase deploy/actions/secrets/public-key type=owner
[debug] [2022-03-19T18:38:55.876Z] <<< [apiv2][status] GET https://api.github.com/repos/firebase deploy/actions/secrets/public-key 404
[debug] [2022-03-19T18:38:55.876Z] <<< [apiv2][body] GET https://api.github.com/repos/firebase deploy/actions/secrets/public-key {"message":"Not Found","documentation_url":"https://docs.github.com/rest"}
